Dud

the Realm of Zot
(0, 0, Zot)
  a fan of gales
(1, 0, Zot)
  a curved glowing staff
(2, 0, Zot)
  a dazzling scythe
(17, 0, Zot)
  a runed cutlass
(18, 0, Zot)
  a torn book
(54, 0, Zot)
  a hardcover manual
(55, 0, Zot)
  a glowing flail
(56, 0, Zot)
  a plain deck of cards
(0, 1, Zot)
  a plain deck of cards
(1, 1, Zot)
  a brightly glowing robe
(2, 1, Zot)
  a phial of floods
(17, 1, Zot)
  a fan of gales
(18, 1, Zot)
  a thick runed staff
(54, 1, Zot)
  a runed long sword
(55, 1, Zot)
  a runed whip
(56, 1, Zot)
  a runed war axe
(28, 10, Zot)
  the Orb of Zot
(40, 32, Zot)
  a bread ration
(39, 33, Zot)
  a chain mail
(40, 33, Zot)
  a curved glowing staff

