Dud

Level 1 of the Dungeon
(8, 0, D:1)
  21 stones
(22, 6, D:1)
  a +0 ring mail
(36, 6, D:1)
  a +0 spear
(8, 9, D:1)
  16 stones
(59, 14, D:1)
  a jackal corpse
(48, 19, D:1)
  a rotting jackal corpse
(46, 20, D:1)
  a meat ration
(51, 23, D:1)
  a stone
(44, 27, D:1)
  a bat corpse
(47, 28, D:1)
  a rotting kobold corpse
(48, 31, D:1)
  2 potions of heal wounds
(48, 32, D:1)
  a cursed -2 club
(50, 32, D:1)
  a +0 hunting sling
(53, 32, D:1)
  25 arrows
(49, 35, D:1)
  a giant newt corpse
(35, 36, D:1)
  a +0 whip
(40, 39, D:1)
  a bat corpse
(42, 39, D:1)
  a scroll of random uselessness
(43, 39, D:1)
  a hobgoblin corpse
(40, 41, D:1)
  a goblin corpse

