Misza

Level 1 of the Dungeon
(0, 0, D:1)
  a stone
(-12, 5, D:1)
  a +0 club (still there?)
  a bat corpse (still there?)
(-11, 5, D:1)
  a stone
(-10, 5, D:1)
  a stone
(-7, 5, D:1)
  a stone
(-14, 7, D:1)
  a bat corpse
(-10, 8, D:1)
  a +0 ring mail
(-15, 11, D:1)
  16 arrows
(-51, 14, D:1)
  a giant newt skeleton
(-49, 14, D:1)
  a goblin corpse (rotten by now)
(-60, 15, D:1)
  24 bolts

Level 2 of the Dungeon
(0, 0, D:2)
  a +0 mace
(0, 5, D:2)
  8 tomahawks
(-1, 10, D:2)
  a potion of curing
(-1, 12, D:2)
  a +0 leather armour
(12, 15, D:2)
  a bread ration

