Misza

Level 1 of the Dungeon
(3, 12, D:1)
  a cursed -1 club
(18, 12, D:1)
  a +0 club
(-12, 22, D:1)
  a +0 club
  (unseen)
(-14, 29, D:1)
  a stone
(-17, 31, D:1)
  a stone
(-16, 31, D:1)
  2 stones

Level 2 of the Dungeon
(6, 5, D:2)
  a scroll of magic mapping
(1, 7, D:2)
  26 gold pieces
(26, 7, D:2)
  a jackal corpse (skeletalised by now)
(-6, 11, D:2)
  a +0 dagger
(-5, 11, D:2)
  a hobgoblin corpse (skeletalised by now)
(-3, 11, D:2)
  a +0 club
  a hobgoblin corpse (skeletalised by now)
(19, 11, D:2)
  a rotting giant newt corpse
(2, 14, D:2)
  a giant newt corpse (skeletalised by now)
(20, 15, D:2)
  a jackal corpse (rotten by now)
(39, 20, D:2)
  a cursed -2 hammer
(-11, 25, D:2)
  a +0 naga barding
(0, 30, D:2)
  a +0 dagger

Level 3 of the Dungeon
(0, 0, D:3)
  a bat corpse
(-12, 9, D:3)
  a +0 club
(3, 11, D:3)
  a rat corpse (rotten by now)
(-35, 16, D:3)
  a giant cockroach corpse
(-25, 17, D:3)
  a rotting chunk of giant newt flesh
(-39, 22, D:3)
  a +0 club
  (unseen)
(-1, 22, D:3)
  4 stones
(-33, 23, D:3)
  a +0 club
(-33, 24, D:3)
  23 stones
(-13, 25, D:3)
  a +0 trident
(1, 27, D:3)
  a hobgoblin corpse (rotten by now)
(0, 30, D:3)
  a +0 short sword
  (unseen)
(-40, 36, D:3)
  a kobold corpse
(-35, 38, D:3)
  a jackal corpse
(-36, 39, D:3)
  a jackal corpse
(-35, 45, D:3)
  12 poisoned needles

