Misza

Level 1 of the Dungeon
(-3, 4, D:1)
  a cursed +0 robe
(-4, 7, D:1)
  16 poisoned bolts
(5, 16, D:1)
  22 arrows
(9, 31, D:1)
  a scroll of identify

Level 2 of the Dungeon
(0, 0, D:2)
  a +0 short sword
(41, 12, D:2)
  a +0 club
(29, 14, D:2)
  a -2 ring mail
(2, 27, D:2)
  a +0 short sword
(7, 29, D:2)
  a +0 hunting sling
  16 stones
(7, 30, D:2)
  a rat corpse (skeletalised by now)
(7, 31, D:2)
  a stone
  a +0 club
  a hobgoblin corpse (skeletalised by now)
(7, 32, D:2)
  a stone
(38, 36, D:2)
  a +0 whip
(45, 37, D:2)
  21 stones
(-3, 38, D:2)
  a +0 ring mail
(7, 40, D:2)
  a +0 dagger
  a goblin corpse (skeletalised by now)
(17, 42, D:2)
  a +0 mace
(13, 49, D:2)
  a +0 club

Level 3 of the Dungeon
(0, 0, D:3)
  a rat corpse (skeletalised by now)
(-32, 4, D:3)
  a +0 dagger
(-6, 5, D:3)
  a +0 dagger
(-6, 8, D:3)
  a rat corpse (skeletalised by now)
(1, 14, D:3)
  a hobgoblin corpse (skeletalised by now)
(-4, 21, D:3)
  a goblin corpse (skeletalised by now)
(-2, 21, D:3)
  a +0 club
(-3, 22, D:3)
  a +0 blowgun
  15 poisoned needles
  a kobold corpse (skeletalised by now)
(0, 23, D:3)
  a +0 club
  (unseen)
(9, 24, D:3)
  a cursed -1 hunting sling
  (unseen)
(4, 26, D:3)
  a poisoned needle
(15, 26, D:3)
  a stone
(9, 29, D:3)
  a goblin corpse (skeletalised by now)

Level 4 of the Dungeon
(16, 6, D:4)
  a poisoned needle
(5, 8, D:4)
  a rat corpse
(12, 8, D:4)
  a +0 blowgun
  6 poisoned needles
  a kobold corpse (rotten by now)
(19, 8, D:4)
  a +0 club
  (unseen)

Level 5 of the Dungeon
(0, 0, D:5)
  22 stones
(-1, 2, D:5)
  15 gold pieces
(-2, 5, D:5)
  a meat ration
(-5, 15, D:5)
  a ball python corpse

