Cosenius

Level 1 of the Dungeon
(3, 0, D:1)
  a scroll of identify
(-2, 6, D:1)
  16 stones
(3, 7, D:1)
  a +0 dagger
(-2, 10, D:1)
  8 arrows
(0, 11, D:1)
  a +2 dagger of speed

Level 2 of the Dungeon
(0, 0, D:2)
  a +0 leather armour
(4, 1, D:2)
  a +0 short sword
(1, 3, D:2)
  a +0 hunting sling
(4, 9, D:2)
  a cursed +0 dagger
(-10, 25, D:2)
  a +0 dagger
(23, 38, D:2)
  a scroll of identify
(3, 40, D:2)
  22 stones

Level 3 of the Dungeon
(0, 0, D:3)
  4 fruits
(0, 6, D:3)
  17 stones
(-14, 11, D:3)
  a cursed -2 leather armour
(-7, 15, D:3)
  a +0 dagger
  (unseen)
(-24, 16, D:3)
  a +0 robe
(1, 16, D:3)
  a +0 short sword
(11, 17, D:3)
  a +0 dagger
  (unseen)
(-41, 18, D:3)
  a +0 dagger
(-40, 18, D:3)
  a +0 dagger
  (unseen)
(-40, 30, D:3)
  a +0 flail
(-41, 39, D:3)
  a +0 dagger
  (unseen)
(-40, 44, D:3)
  a stone
(-27, 54, D:3)
  a +0 club
(-41, 59, D:3)
  a +0 flail

Level 4 of the Dungeon
(0, 0, D:4)
  a meat ration
(0, 6, D:4)
  15 poisoned needles
(-9, 8, D:4)
  an adder corpse
(-9, 13, D:4)
  a scroll of blinking
(-10, 26, D:4)
  28 stones
(21, 31, D:4)
  a bat corpse
(3, 35, D:4)
  a meat ration
(6, 43, D:4)
  a bat corpse

